<?xml version="1.0" encoding="UTF-8"?>
<coverage generated="1715685148">
  <project timestamp="1715685148">
    <file name="/mnt/data/html/packages/SVGCreator/SKien/SVGCreator/Filter/Effects/SVGBlendEffect.php">
      <class name="SKien\SVGCreator\Filter\Effects\SVGBlendEffect" namespace="global">
        <metrics complexity="1" methods="1" coveredmethods="1" conditionals="0" coveredconditionals="0" statements="4" coveredstatements="4" elements="5" coveredelements="5"/>
      </class>
      <line num="26" type="method" name="__construct" visibility="public" complexity="1" crap="1" count="1"/>
      <line num="28" type="stmt" count="1"/>
      <line num="30" type="stmt" count="1"/>
      <line num="31" type="stmt" count="1"/>
      <line num="32" type="stmt" count="1"/>
      <metrics loc="34" ncloc="17" classes="1" methods="1" coveredmethods="1" conditionals="0" coveredconditionals="0" statements="4" coveredstatements="4" elements="5" coveredelements="5"/>
    </file>
    <file name="/mnt/data/html/packages/SVGCreator/SKien/SVGCreator/Filter/Effects/SVGColorMatrixEffect.php">
      <class name="SKien\SVGCreator\Filter\Effects\SVGColorMatrixEffect" namespace="global">
        <metrics complexity="3" methods="1" coveredmethods="1" conditionals="0" coveredconditionals="0" statements="9" coveredstatements="9" elements="10" coveredelements="10"/>
      </class>
      <line num="37" type="method" name="__construct" visibility="public" complexity="3" crap="3" count="2"/>
      <line num="39" type="stmt" count="2"/>
      <line num="41" type="stmt" count="2"/>
      <line num="42" type="stmt" count="2"/>
      <line num="43" type="stmt" count="2"/>
      <line num="44" type="stmt" count="2"/>
      <line num="46" type="stmt" count="1"/>
      <line num="49" type="stmt" count="2"/>
      <line num="50" type="stmt" count="2"/>
      <line num="51" type="stmt" count="2"/>
      <metrics loc="53" ncloc="25" classes="1" methods="1" coveredmethods="1" conditionals="0" coveredconditionals="0" statements="9" coveredstatements="9" elements="10" coveredelements="10"/>
    </file>
    <file name="/mnt/data/html/packages/SVGCreator/SKien/SVGCreator/Filter/Effects/SVGComponentTransferEffect.php">
      <class name="SKien\SVGCreator\Filter\Effects\SVGComponentTransferEffect" namespace="global">
        <metrics complexity="13" methods="7" coveredmethods="7" conditionals="0" coveredconditionals="0" statements="34" coveredstatements="34" elements="41" coveredelements="41"/>
      </class>
      <line num="26" type="method" name="__construct" visibility="public" complexity="1" crap="1" count="7"/>
      <line num="28" type="stmt" count="7"/>
      <line num="30" type="stmt" count="7"/>
      <line num="37" type="method" name="addIdentityFunc" visibility="public" complexity="2" crap="2" count="1"/>
      <line num="39" type="stmt" count="1"/>
      <line num="40" type="stmt" count="1"/>
      <line num="41" type="stmt" count="1"/>
      <line num="42" type="stmt" count="1"/>
      <line num="52" type="method" name="addTableFunc" visibility="public" complexity="2" crap="2" count="1"/>
      <line num="54" type="stmt" count="1"/>
      <line num="55" type="stmt" count="1"/>
      <line num="56" type="stmt" count="1"/>
      <line num="57" type="stmt" count="1"/>
      <line num="58" type="stmt" count="1"/>
      <line num="67" type="method" name="addDiscreteFunc" visibility="public" complexity="2" crap="2" count="1"/>
      <line num="69" type="stmt" count="1"/>
      <line num="70" type="stmt" count="1"/>
      <line num="71" type="stmt" count="1"/>
      <line num="72" type="stmt" count="1"/>
      <line num="73" type="stmt" count="1"/>
      <line num="86" type="method" name="addLinearFunc" visibility="public" complexity="2" crap="2" count="1"/>
      <line num="88" type="stmt" count="1"/>
      <line num="89" type="stmt" count="1"/>
      <line num="90" type="stmt" count="1"/>
      <line num="91" type="stmt" count="1"/>
      <line num="92" type="stmt" count="1"/>
      <line num="93" type="stmt" count="1"/>
      <line num="107" type="method" name="addGammaFunc" visibility="public" complexity="2" crap="2" count="2"/>
      <line num="109" type="stmt" count="2"/>
      <line num="110" type="stmt" count="1"/>
      <line num="111" type="stmt" count="1"/>
      <line num="112" type="stmt" count="1"/>
      <line num="113" type="stmt" count="1"/>
      <line num="114" type="stmt" count="1"/>
      <line num="115" type="stmt" count="1"/>
      <line num="124" type="method" name="isValidComponent" visibility="private" complexity="2" crap="2" count="6"/>
      <line num="126" type="stmt" count="6"/>
      <line num="127" type="stmt" count="6"/>
      <line num="128" type="stmt" count="6"/>
      <line num="129" type="stmt" count="1"/>
      <line num="131" type="stmt" count="5"/>
      <metrics loc="133" ncloc="79" classes="1" methods="7" coveredmethods="7" conditionals="0" coveredconditionals="0" statements="34" coveredstatements="34" elements="41" coveredelements="41"/>
    </file>
    <file name="/mnt/data/html/packages/SVGCreator/SKien/SVGCreator/Filter/Effects/SVGCompositeEffect.php">
      <class name="SKien\SVGCreator\Filter\Effects\SVGCompositeEffect" namespace="global">
        <metrics complexity="1" methods="1" coveredmethods="1" conditionals="0" coveredconditionals="0" statements="8" coveredstatements="8" elements="9" coveredelements="9"/>
      </class>
      <line num="48" type="method" name="__construct" visibility="public" complexity="1" crap="1" count="1"/>
      <line num="57" type="stmt" count="1"/>
      <line num="59" type="stmt" count="1"/>
      <line num="60" type="stmt" count="1"/>
      <line num="61" type="stmt" count="1"/>
      <line num="62" type="stmt" count="1"/>
      <line num="63" type="stmt" count="1"/>
      <line num="64" type="stmt" count="1"/>
      <line num="65" type="stmt" count="1"/>
      <metrics loc="67" ncloc="36" classes="1" methods="1" coveredmethods="1" conditionals="0" coveredconditionals="0" statements="8" coveredstatements="8" elements="9" coveredelements="9"/>
    </file>
    <file name="/mnt/data/html/packages/SVGCreator/SKien/SVGCreator/Filter/Effects/SVGDiffuseLightingEffect.php">
      <class name="SKien\SVGCreator\Filter\Effects\SVGDiffuseLightingEffect" namespace="global">
        <metrics complexity="1" methods="1" coveredmethods="1" conditionals="0" coveredconditionals="0" statements="6" coveredstatements="6" elements="7" coveredelements="7"/>
      </class>
      <line num="30" type="method" name="__construct" visibility="public" complexity="1" crap="1" count="1"/>
      <line num="38" type="stmt" count="1"/>
      <line num="40" type="stmt" count="1"/>
      <line num="41" type="stmt" count="1"/>
      <line num="42" type="stmt" count="1"/>
      <line num="43" type="stmt" count="1"/>
      <line num="44" type="stmt" count="1"/>
      <metrics loc="46" ncloc="25" classes="1" methods="1" coveredmethods="1" conditionals="0" coveredconditionals="0" statements="6" coveredstatements="6" elements="7" coveredelements="7"/>
    </file>
    <file name="/mnt/data/html/packages/SVGCreator/SKien/SVGCreator/Filter/Effects/SVGDropShadowEffect.php">
      <class name="SKien\SVGCreator\Filter\Effects\SVGDropShadowEffect" namespace="global">
        <metrics complexity="1" methods="1" coveredmethods="1" conditionals="0" coveredconditionals="0" statements="6" coveredstatements="6" elements="7" coveredelements="7"/>
      </class>
      <line num="26" type="method" name="__construct" visibility="public" complexity="1" crap="1" count="1"/>
      <line num="28" type="stmt" count="1"/>
      <line num="30" type="stmt" count="1"/>
      <line num="31" type="stmt" count="1"/>
      <line num="32" type="stmt" count="1"/>
      <line num="33" type="stmt" count="1"/>
      <line num="34" type="stmt" count="1"/>
      <metrics loc="36" ncloc="19" classes="1" methods="1" coveredmethods="1" conditionals="0" coveredconditionals="0" statements="6" coveredstatements="6" elements="7" coveredelements="7"/>
    </file>
    <file name="/mnt/data/html/packages/SVGCreator/SKien/SVGCreator/Filter/Effects/SVGEffect.php">
      <class name="SKien\SVGCreator\Filter\Effects\SVGEffect" namespace="global">
        <metrics complexity="3" methods="3" coveredmethods="3" conditionals="0" coveredconditionals="0" statements="3" coveredstatements="3" elements="6" coveredelements="6"/>
      </class>
      <line num="48" type="method" name="__construct" visibility="public" complexity="1" crap="1" count="3"/>
      <line num="50" type="stmt" count="3"/>
      <line num="57" type="method" name="setInput" visibility="public" complexity="1" crap="1" count="1"/>
      <line num="59" type="stmt" count="1"/>
      <line num="69" type="method" name="setResult" visibility="public" complexity="1" crap="1" count="1"/>
      <line num="71" type="stmt" count="1"/>
      <metrics loc="73" ncloc="52" classes="1" methods="3" coveredmethods="3" conditionals="0" coveredconditionals="0" statements="3" coveredstatements="3" elements="6" coveredelements="6"/>
    </file>
    <file name="/mnt/data/html/packages/SVGCreator/SKien/SVGCreator/Filter/Effects/SVGFloodEffect.php">
      <class name="SKien\SVGCreator\Filter\Effects\SVGFloodEffect" namespace="global">
        <metrics complexity="1" methods="1" coveredmethods="1" conditionals="0" coveredconditionals="0" statements="3" coveredstatements="3" elements="4" coveredelements="4"/>
      </class>
      <line num="28" type="method" name="__construct" visibility="public" complexity="1" crap="1" count="1"/>
      <line num="30" type="stmt" count="1"/>
      <line num="32" type="stmt" count="1"/>
      <line num="33" type="stmt" count="1"/>
      <metrics loc="35" ncloc="16" classes="1" methods="1" coveredmethods="1" conditionals="0" coveredconditionals="0" statements="3" coveredstatements="3" elements="4" coveredelements="4"/>
    </file>
    <file name="/mnt/data/html/packages/SVGCreator/SKien/SVGCreator/Filter/Effects/SVGGaussianBlurEffect.php">
      <class name="SKien\SVGCreator\Filter\Effects\SVGGaussianBlurEffect" namespace="global">
        <metrics complexity="1" methods="1" coveredmethods="1" conditionals="0" coveredconditionals="0" statements="4" coveredstatements="4" elements="5" coveredelements="5"/>
      </class>
      <line num="43" type="method" name="__construct" visibility="public" complexity="1" crap="1" count="1"/>
      <line num="45" type="stmt" count="1"/>
      <line num="47" type="stmt" count="1"/>
      <line num="48" type="stmt" count="1"/>
      <line num="49" type="stmt" count="1"/>
      <metrics loc="51" ncloc="17" classes="1" methods="1" coveredmethods="1" conditionals="0" coveredconditionals="0" statements="4" coveredstatements="4" elements="5" coveredelements="5"/>
    </file>
    <file name="/mnt/data/html/packages/SVGCreator/SKien/SVGCreator/Filter/Effects/SVGLightingEffect.php">
      <class name="SKien\SVGCreator\Filter\Effects\SVGLightingEffect" namespace="global">
        <metrics complexity="3" methods="3" coveredmethods="3" conditionals="0" coveredconditionals="0" statements="19" coveredstatements="19" elements="22" coveredelements="22"/>
      </class>
      <line num="23" type="method" name="setDistantLight" visibility="public" complexity="1" crap="1" count="1"/>
      <line num="25" type="stmt" count="1"/>
      <line num="26" type="stmt" count="1"/>
      <line num="27" type="stmt" count="1"/>
      <line num="28" type="stmt" count="1"/>
      <line num="38" type="method" name="setPointLight" visibility="public" complexity="1" crap="1" count="1"/>
      <line num="40" type="stmt" count="1"/>
      <line num="41" type="stmt" count="1"/>
      <line num="42" type="stmt" count="1"/>
      <line num="43" type="stmt" count="1"/>
      <line num="44" type="stmt" count="1"/>
      <line num="59" type="method" name="setSpotLight" visibility="public" complexity="1" crap="1" count="1"/>
      <line num="70" type="stmt" count="1"/>
      <line num="71" type="stmt" count="1"/>
      <line num="72" type="stmt" count="1"/>
      <line num="73" type="stmt" count="1"/>
      <line num="74" type="stmt" count="1"/>
      <line num="75" type="stmt" count="1"/>
      <line num="76" type="stmt" count="1"/>
      <line num="77" type="stmt" count="1"/>
      <line num="78" type="stmt" count="1"/>
      <line num="79" type="stmt" count="1"/>
      <metrics loc="81" ncloc="50" classes="1" methods="3" coveredmethods="3" conditionals="0" coveredconditionals="0" statements="19" coveredstatements="19" elements="22" coveredelements="22"/>
    </file>
    <file name="/mnt/data/html/packages/SVGCreator/SKien/SVGCreator/Filter/Effects/SVGMergeEffect.php">
      <class name="SKien\SVGCreator\Filter\Effects\SVGMergeEffect" namespace="global">
        <metrics complexity="3" methods="2" coveredmethods="2" conditionals="0" coveredconditionals="0" statements="6" coveredstatements="6" elements="8" coveredelements="8"/>
      </class>
      <line num="29" type="method" name="__construct" visibility="public" complexity="2" crap="2" count="2"/>
      <line num="31" type="stmt" count="2"/>
      <line num="32" type="stmt" count="2"/>
      <line num="33" type="stmt" count="2"/>
      <line num="41" type="method" name="addInput" visibility="public" complexity="1" crap="1" count="2"/>
      <line num="43" type="stmt" count="2"/>
      <line num="44" type="stmt" count="2"/>
      <line num="45" type="stmt" count="2"/>
      <metrics loc="47" ncloc="25" classes="1" methods="2" coveredmethods="2" conditionals="0" coveredconditionals="0" statements="6" coveredstatements="6" elements="8" coveredelements="8"/>
    </file>
    <file name="/mnt/data/html/packages/SVGCreator/SKien/SVGCreator/Filter/Effects/SVGOffsetEffect.php">
      <class name="SKien\SVGCreator\Filter\Effects\SVGOffsetEffect" namespace="global">
        <metrics complexity="1" methods="1" coveredmethods="1" conditionals="0" coveredconditionals="0" statements="4" coveredstatements="4" elements="5" coveredelements="5"/>
      </class>
      <line num="23" type="method" name="__construct" visibility="public" complexity="1" crap="1" count="1"/>
      <line num="25" type="stmt" count="1"/>
      <line num="27" type="stmt" count="1"/>
      <line num="28" type="stmt" count="1"/>
      <line num="29" type="stmt" count="1"/>
      <metrics loc="31" ncloc="17" classes="1" methods="1" coveredmethods="1" conditionals="0" coveredconditionals="0" statements="4" coveredstatements="4" elements="5" coveredelements="5"/>
    </file>
    <file name="/mnt/data/html/packages/SVGCreator/SKien/SVGCreator/Filter/Effects/SVGSpecularLightingEffect.php">
      <class name="SKien\SVGCreator\Filter\Effects\SVGSpecularLightingEffect" namespace="global">
        <metrics complexity="1" methods="1" coveredmethods="1" conditionals="0" coveredconditionals="0" statements="7" coveredstatements="7" elements="8" coveredelements="8"/>
      </class>
      <line num="32" type="method" name="__construct" visibility="public" complexity="1" crap="1" count="1"/>
      <line num="41" type="stmt" count="1"/>
      <line num="43" type="stmt" count="1"/>
      <line num="44" type="stmt" count="1"/>
      <line num="45" type="stmt" count="1"/>
      <line num="46" type="stmt" count="1"/>
      <line num="47" type="stmt" count="1"/>
      <line num="48" type="stmt" count="1"/>
      <metrics loc="50" ncloc="27" classes="1" methods="1" coveredmethods="1" conditionals="0" coveredconditionals="0" statements="7" coveredstatements="7" elements="8" coveredelements="8"/>
    </file>
    <file name="/mnt/data/html/packages/SVGCreator/SKien/SVGCreator/Filter/Effects/SVGTurbulenceEffect.php">
      <class name="SKien\SVGCreator\Filter\Effects\SVGTurbulenceEffect" namespace="global">
        <metrics complexity="3" methods="1" coveredmethods="1" conditionals="0" coveredconditionals="0" statements="7" coveredstatements="7" elements="8" coveredelements="8"/>
      </class>
      <line num="35" type="method" name="__construct" visibility="public" complexity="3" crap="3" count="1"/>
      <line num="43" type="stmt" count="1"/>
      <line num="45" type="stmt" count="1"/>
      <line num="46" type="stmt" count="1"/>
      <line num="47" type="stmt" count="1"/>
      <line num="48" type="stmt" count="1"/>
      <line num="49" type="stmt" count="1"/>
      <line num="51" type="stmt" count="1"/>
      <metrics loc="53" ncloc="27" classes="1" methods="1" coveredmethods="1" conditionals="0" coveredconditionals="0" statements="7" coveredstatements="7" elements="8" coveredelements="8"/>
    </file>
    <file name="/mnt/data/html/packages/SVGCreator/SKien/SVGCreator/Filter/SVGBlurShadowFilter.php">
      <class name="SKien\SVGCreator\Filter\SVGBlurShadowFilter" namespace="global">
        <metrics complexity="4" methods="1" coveredmethods="1" conditionals="0" coveredconditionals="0" statements="12" coveredstatements="12" elements="13" coveredelements="13"/>
      </class>
      <line num="36" type="method" name="__construct" visibility="public" complexity="4" crap="4" count="2"/>
      <line num="38" type="stmt" count="2"/>
      <line num="40" type="stmt" count="2"/>
      <line num="41" type="stmt" count="2"/>
      <line num="42" type="stmt" count="2"/>
      <line num="43" type="stmt" count="1"/>
      <line num="44" type="stmt" count="1"/>
      <line num="46" type="stmt" count="2"/>
      <line num="47" type="stmt" count="2"/>
      <line num="48" type="stmt" count="2"/>
      <line num="49" type="stmt" count="2"/>
      <line num="50" type="stmt" count="2"/>
      <line num="52" type="stmt" count="2"/>
      <metrics loc="54" ncloc="34" classes="1" methods="1" coveredmethods="1" conditionals="0" coveredconditionals="0" statements="12" coveredstatements="12" elements="13" coveredelements="13"/>
    </file>
    <file name="/mnt/data/html/packages/SVGCreator/SKien/SVGCreator/Filter/SVGCamouflageFilter.php">
      <class name="SKien\SVGCreator\Filter\SVGCamouflageFilter" namespace="global">
        <metrics complexity="1" methods="1" coveredmethods="1" conditionals="0" coveredconditionals="0" statements="12" coveredstatements="12" elements="13" coveredelements="13"/>
      </class>
      <line num="26" type="method" name="__construct" visibility="public" complexity="1" crap="1" count="1"/>
      <line num="28" type="stmt" count="1"/>
      <line num="30" type="stmt" count="1"/>
      <line num="31" type="stmt" count="1"/>
      <line num="32" type="stmt" count="1"/>
      <line num="33" type="stmt" count="1"/>
      <line num="34" type="stmt" count="1"/>
      <line num="35" type="stmt" count="1"/>
      <line num="36" type="stmt" count="1"/>
      <line num="42" type="stmt" count="1"/>
      <line num="43" type="stmt" count="1"/>
      <line num="49" type="stmt" count="1"/>
      <line num="50" type="stmt" count="1"/>
      <metrics loc="52" ncloc="41" classes="1" methods="1" coveredmethods="1" conditionals="0" coveredconditionals="0" statements="12" coveredstatements="12" elements="13" coveredelements="13"/>
    </file>
    <file name="/mnt/data/html/packages/SVGCreator/SKien/SVGCreator/Filter/SVGDropShadowFilter.php">
      <class name="SKien\SVGCreator\Filter\SVGDropShadowFilter" namespace="global">
        <metrics complexity="1" methods="1" coveredmethods="1" conditionals="0" coveredconditionals="0" statements="2" coveredstatements="2" elements="3" coveredelements="3"/>
      </class>
      <line num="26" type="method" name="__construct" visibility="public" complexity="1" crap="1" count="1"/>
      <line num="28" type="stmt" count="1"/>
      <line num="29" type="stmt" count="1"/>
      <metrics loc="31" ncloc="16" classes="1" methods="1" coveredmethods="1" conditionals="0" coveredconditionals="0" statements="2" coveredstatements="2" elements="3" coveredelements="3"/>
    </file>
    <file name="/mnt/data/html/packages/SVGCreator/SKien/SVGCreator/Filter/SVGFilter.php">
      <class name="SKien\SVGCreator\Filter\SVGFilter" namespace="global">
        <metrics complexity="2" methods="2" coveredmethods="2" conditionals="0" coveredconditionals="0" statements="3" coveredstatements="3" elements="5" coveredelements="5"/>
      </class>
      <line num="42" type="method" name="__construct" visibility="public" complexity="1" crap="1" count="2"/>
      <line num="44" type="stmt" count="2"/>
      <line num="51" type="method" name="addEffect" visibility="public" complexity="1" crap="1" count="1"/>
      <line num="53" type="stmt" count="1"/>
      <line num="54" type="stmt" count="1"/>
      <metrics loc="56" ncloc="22" classes="1" methods="2" coveredmethods="2" conditionals="0" coveredconditionals="0" statements="3" coveredstatements="3" elements="5" coveredelements="5"/>
    </file>
    <file name="/mnt/data/html/packages/SVGCreator/SKien/SVGCreator/Filter/SVGRoughplasterFilter.php">
      <class name="SKien\SVGCreator\Filter\SVGRoughplasterFilter" namespace="global">
        <metrics complexity="1" methods="1" coveredmethods="1" conditionals="0" coveredconditionals="0" statements="6" coveredstatements="6" elements="7" coveredelements="7"/>
      </class>
      <line num="25" type="method" name="__construct" visibility="public" complexity="1" crap="1" count="1"/>
      <line num="27" type="stmt" count="1"/>
      <line num="29" type="stmt" count="1"/>
      <line num="30" type="stmt" count="1"/>
      <line num="31" type="stmt" count="1"/>
      <line num="32" type="stmt" count="1"/>
      <line num="33" type="stmt" count="1"/>
      <metrics loc="35" ncloc="24" classes="1" methods="1" coveredmethods="1" conditionals="0" coveredconditionals="0" statements="6" coveredstatements="6" elements="7" coveredelements="7"/>
    </file>
    <file name="/mnt/data/html/packages/SVGCreator/SKien/SVGCreator/Filter/SVGSaturationFilter.php">
      <class name="SKien\SVGCreator\Filter\SVGSaturationFilter" namespace="global">
        <metrics complexity="1" methods="1" coveredmethods="1" conditionals="0" coveredconditionals="0" statements="2" coveredstatements="2" elements="3" coveredelements="3"/>
      </class>
      <line num="32" type="method" name="__construct" visibility="public" complexity="1" crap="1" count="1"/>
      <line num="34" type="stmt" count="1"/>
      <line num="35" type="stmt" count="1"/>
      <metrics loc="37" ncloc="16" classes="1" methods="1" coveredmethods="1" conditionals="0" coveredconditionals="0" statements="2" coveredstatements="2" elements="3" coveredelements="3"/>
    </file>
    <file name="/mnt/data/html/packages/SVGCreator/SKien/SVGCreator/Filter/SVGWoodFilter.php">
      <class name="SKien\SVGCreator\Filter\SVGWoodFilter" namespace="global">
        <metrics complexity="7" methods="1" coveredmethods="1" conditionals="0" coveredconditionals="0" statements="26" coveredstatements="26" elements="27" coveredelements="27"/>
      </class>
      <line num="43" type="method" name="__construct" visibility="public" complexity="7" crap="7" count="3"/>
      <line num="45" type="stmt" count="3"/>
      <line num="47" type="stmt" count="3"/>
      <line num="48" type="stmt" count="3"/>
      <line num="49" type="stmt" count="3"/>
      <line num="55" type="stmt" count="3"/>
      <line num="56" type="stmt" count="3"/>
      <line num="57" type="stmt" count="2"/>
      <line num="58" type="stmt" count="1"/>
      <line num="64" type="stmt" count="1"/>
      <line num="65" type="stmt" count="1"/>
      <line num="66" type="stmt" count="1"/>
      <line num="68" type="stmt" count="1"/>
      <line num="74" type="stmt" count="1"/>
      <line num="75" type="stmt" count="1"/>
      <line num="78" type="stmt" count="3"/>
      <line num="79" type="stmt" count="3"/>
      <line num="80" type="stmt" count="3"/>
      <line num="82" type="stmt" count="3"/>
      <line num="83" type="stmt" count="3"/>
      <line num="84" type="stmt" count="3"/>
      <line num="85" type="stmt" count="1"/>
      <line num="86" type="stmt" count="1"/>
      <line num="87" type="stmt" count="1"/>
      <line num="88" type="stmt" count="1"/>
      <line num="89" type="stmt" count="1"/>
      <line num="91" type="stmt" count="3"/>
      <metrics loc="93" ncloc="72" classes="1" methods="1" coveredmethods="1" conditionals="0" coveredconditionals="0" statements="26" coveredstatements="26" elements="27" coveredelements="27"/>
    </file>
    <file name="/mnt/data/html/packages/SVGCreator/SKien/SVGCreator/Gradients/SVGGradient.php">
      <class name="SKien\SVGCreator\Gradients\SVGGradient" namespace="global">
        <metrics complexity="5" methods="4" coveredmethods="4" conditionals="0" coveredconditionals="0" statements="8" coveredstatements="8" elements="12" coveredelements="12"/>
      </class>
      <line num="33" type="method" name="addStop" visibility="public" complexity="2" crap="2" count="2"/>
      <line num="35" type="stmt" count="2"/>
      <line num="36" type="stmt" count="2"/>
      <line num="37" type="stmt" count="1"/>
      <line num="39" type="stmt" count="2"/>
      <line num="40" type="stmt" count="2"/>
      <line num="47" type="method" name="setGradientUnits" visibility="public" complexity="1" crap="1" count="1"/>
      <line num="49" type="stmt" count="1"/>
      <line num="57" type="method" name="setGradientTransform" visibility="public" complexity="1" crap="1" count="1"/>
      <line num="59" type="stmt" count="1"/>
      <line num="67" type="method" name="setSpreadMethod" visibility="public" complexity="1" crap="1" count="1"/>
      <line num="69" type="stmt" count="1"/>
      <metrics loc="71" ncloc="42" classes="1" methods="4" coveredmethods="4" conditionals="0" coveredconditionals="0" statements="8" coveredstatements="8" elements="12" coveredelements="12"/>
    </file>
    <file name="/mnt/data/html/packages/SVGCreator/SKien/SVGCreator/Gradients/SVGGradientStop.php">
      <class name="SKien\SVGCreator\Gradients\SVGGradientStop" namespace="global">
        <metrics complexity="1" methods="1" coveredmethods="1" conditionals="0" coveredconditionals="0" statements="4" coveredstatements="4" elements="5" coveredelements="5"/>
      </class>
      <line num="24" type="method" name="__construct" visibility="public" complexity="1" crap="1" count="1"/>
      <line num="26" type="stmt" count="1"/>
      <line num="28" type="stmt" count="1"/>
      <line num="29" type="stmt" count="1"/>
      <line num="30" type="stmt" count="1"/>
      <metrics loc="32" ncloc="19" classes="1" methods="1" coveredmethods="1" conditionals="0" coveredconditionals="0" statements="4" coveredstatements="4" elements="5" coveredelements="5"/>
    </file>
    <file name="/mnt/data/html/packages/SVGCreator/SKien/SVGCreator/Gradients/SVGLinearGradient.php">
      <class name="SKien\SVGCreator\Gradients\SVGLinearGradient" namespace="global">
        <metrics complexity="1" methods="1" coveredmethods="1" conditionals="0" coveredconditionals="0" statements="5" coveredstatements="5" elements="6" coveredelements="6"/>
      </class>
      <line num="25" type="method" name="__construct" visibility="public" complexity="1" crap="1" count="1"/>
      <line num="27" type="stmt" count="1"/>
      <line num="29" type="stmt" count="1"/>
      <line num="30" type="stmt" count="1"/>
      <line num="31" type="stmt" count="1"/>
      <line num="32" type="stmt" count="1"/>
      <metrics loc="34" ncloc="18" classes="1" methods="1" coveredmethods="1" conditionals="0" coveredconditionals="0" statements="5" coveredstatements="5" elements="6" coveredelements="6"/>
    </file>
    <file name="/mnt/data/html/packages/SVGCreator/SKien/SVGCreator/Gradients/SVGRadialGradient.php">
      <class name="SKien\SVGCreator\Gradients\SVGRadialGradient" namespace="global">
        <metrics complexity="1" methods="1" coveredmethods="1" conditionals="0" coveredconditionals="0" statements="6" coveredstatements="6" elements="7" coveredelements="7"/>
      </class>
      <line num="26" type="method" name="__construct" visibility="public" complexity="1" crap="1" count="1"/>
      <line num="33" type="stmt" count="1"/>
      <line num="35" type="stmt" count="1"/>
      <line num="36" type="stmt" count="1"/>
      <line num="37" type="stmt" count="1"/>
      <line num="38" type="stmt" count="1"/>
      <line num="39" type="stmt" count="1"/>
      <metrics loc="41" ncloc="24" classes="1" methods="1" coveredmethods="1" conditionals="0" coveredconditionals="0" statements="6" coveredstatements="6" elements="7" coveredelements="7"/>
    </file>
    <file name="/mnt/data/html/packages/SVGCreator/SKien/SVGCreator/Gradients/SVGSimpleGradient.php">
      <class name="SKien\SVGCreator\Gradients\SVGSimpleGradient" namespace="global">
        <metrics complexity="2" methods="1" coveredmethods="1" conditionals="0" coveredconditionals="0" statements="12" coveredstatements="12" elements="13" coveredelements="13"/>
      </class>
      <line num="43" type="method" name="__construct" visibility="public" complexity="2" crap="2" count="6"/>
      <line num="45" type="stmt" count="6"/>
      <line num="46" type="stmt" count="5"/>
      <line num="47" type="stmt" count="5"/>
      <line num="54" type="stmt" count="5"/>
      <line num="55" type="stmt" count="5"/>
      <line num="56" type="stmt" count="5"/>
      <line num="57" type="stmt" count="5"/>
      <line num="59" type="stmt" count="5"/>
      <line num="60" type="stmt" count="5"/>
      <line num="62" type="stmt" count="1"/>
      <line num="64" type="stmt" count="1"/>
      <line num="65" type="stmt" count="1"/>
      <metrics loc="68" ncloc="40" classes="1" methods="1" coveredmethods="1" conditionals="0" coveredconditionals="0" statements="12" coveredstatements="12" elements="13" coveredelements="13"/>
    </file>
    <file name="/mnt/data/html/packages/SVGCreator/SKien/SVGCreator/Helper/Attrib.php">
      <class name="SKien\SVGCreator\Helper\Attrib" namespace="global">
        <metrics complexity="10" methods="5" coveredmethods="5" conditionals="0" coveredconditionals="0" statements="19" coveredstatements="19" elements="24" coveredelements="24"/>
      </class>
      <line num="20" type="method" name="__construct" visibility="public" complexity="2" crap="2" count="5"/>
      <line num="22" type="stmt" count="5"/>
      <line num="23" type="stmt" count="1"/>
      <line num="25" type="stmt" count="5"/>
      <line num="26" type="stmt" count="5"/>
      <line num="39" type="method" name="__toString" visibility="public" complexity="2" crap="2" count="1"/>
      <line num="41" type="stmt" count="1"/>
      <line num="42" type="stmt" count="1"/>
      <line num="43" type="stmt" count="1"/>
      <line num="45" type="stmt" count="1"/>
      <line num="51" type="method" name="clear" visibility="public" complexity="1" crap="1" count="2"/>
      <line num="53" type="stmt" count="2"/>
      <line num="62" type="method" name="parse" visibility="public" complexity="3" crap="3" count="5"/>
      <line num="64" type="stmt" count="5"/>
      <line num="65" type="stmt" count="5"/>
      <line num="66" type="stmt" count="2"/>
      <line num="67" type="stmt" count="2"/>
      <line num="68" type="stmt" count="2"/>
      <line num="69" type="stmt" count="2"/>
      <line num="70" type="stmt" count="2"/>
      <line num="80" type="method" name="addToDOMNode" visibility="public" complexity="2" crap="2" count="1"/>
      <line num="82" type="stmt" count="1"/>
      <line num="83" type="stmt" count="1"/>
      <line num="85" type="stmt" count="1"/>
      <metrics loc="87" ncloc="53" classes="1" methods="5" coveredmethods="5" conditionals="0" coveredconditionals="0" statements="19" coveredstatements="19" elements="24" coveredelements="24"/>
    </file>
    <file name="/mnt/data/html/packages/SVGCreator/SKien/SVGCreator/Helper/Style.php">
      <class name="SKien\SVGCreator\Helper\Style" namespace="global">
        <metrics complexity="10" methods="5" coveredmethods="5" conditionals="0" coveredconditionals="0" statements="17" coveredstatements="17" elements="22" coveredelements="22"/>
      </class>
      <line num="20" type="method" name="__construct" visibility="public" complexity="2" crap="2" count="5"/>
      <line num="22" type="stmt" count="5"/>
      <line num="23" type="stmt" count="1"/>
      <line num="25" type="stmt" count="5"/>
      <line num="26" type="stmt" count="5"/>
      <line num="36" type="method" name="__toString" visibility="public" complexity="2" crap="2" count="2"/>
      <line num="38" type="stmt" count="2"/>
      <line num="39" type="stmt" count="2"/>
      <line num="40" type="stmt" count="2"/>
      <line num="42" type="stmt" count="2"/>
      <line num="48" type="method" name="clear" visibility="public" complexity="1" crap="1" count="2"/>
      <line num="50" type="stmt" count="2"/>
      <line num="57" type="method" name="parse" visibility="public" complexity="3" crap="3" count="5"/>
      <line num="59" type="stmt" count="5"/>
      <line num="60" type="stmt" count="5"/>
      <line num="61" type="stmt" count="5"/>
      <line num="62" type="stmt" count="5"/>
      <line num="63" type="stmt" count="2"/>
      <line num="74" type="method" name="addToDOMNode" visibility="public" complexity="2" crap="2" count="1"/>
      <line num="76" type="stmt" count="1"/>
      <line num="77" type="stmt" count="1"/>
      <line num="79" type="stmt" count="1"/>
      <metrics loc="81" ncloc="51" classes="1" methods="5" coveredmethods="5" conditionals="0" coveredconditionals="0" statements="17" coveredstatements="17" elements="22" coveredelements="22"/>
    </file>
    <file name="/mnt/data/html/packages/SVGCreator/SKien/SVGCreator/Marker/SVGArrowMarker.php">
      <class name="SKien\SVGCreator\Marker\SVGArrowMarker" namespace="global">
        <metrics complexity="3" methods="1" coveredmethods="1" conditionals="0" coveredconditionals="0" statements="17" coveredstatements="17" elements="18" coveredelements="18"/>
      </class>
      <line num="47" type="method" name="__construct" visibility="public" complexity="3" crap="3" count="3"/>
      <line num="49" type="stmt" count="3"/>
      <line num="51" type="stmt" count="3"/>
      <line num="52" type="stmt" count="3"/>
      <line num="54" type="stmt" count="3"/>
      <line num="55" type="stmt" count="3"/>
      <line num="56" type="stmt" count="3"/>
      <line num="57" type="stmt" count="3"/>
      <line num="58" type="stmt" count="3"/>
      <line num="59" type="stmt" count="3"/>
      <line num="64" type="stmt" count="3"/>
      <line num="65" type="stmt" count="3"/>
      <line num="67" type="stmt" count="1"/>
      <line num="69" type="stmt" count="3"/>
      <line num="70" type="stmt" count="1"/>
      <line num="71" type="stmt" count="1"/>
      <line num="72" type="stmt" count="1"/>
      <line num="74" type="stmt" count="3"/>
      <metrics loc="77" ncloc="49" classes="1" methods="1" coveredmethods="1" conditionals="0" coveredconditionals="0" statements="17" coveredstatements="17" elements="18" coveredelements="18"/>
    </file>
    <file name="/mnt/data/html/packages/SVGCreator/SKien/SVGCreator/Marker/SVGBasicMarker.php">
      <class name="SKien\SVGCreator\Marker\SVGBasicMarker" namespace="global">
        <metrics complexity="4" methods="1" coveredmethods="1" conditionals="0" coveredconditionals="0" statements="18" coveredstatements="18" elements="19" coveredelements="19"/>
      </class>
      <line num="53" type="method" name="__construct" visibility="public" complexity="4" crap="4" count="4"/>
      <line num="55" type="stmt" count="4"/>
      <line num="56" type="stmt" count="1"/>
      <line num="57" type="stmt" count="1"/>
      <line num="59" type="stmt" count="4"/>
      <line num="60" type="stmt" count="4"/>
      <line num="62" type="stmt" count="4"/>
      <line num="64" type="stmt" count="4"/>
      <line num="65" type="stmt" count="4"/>
      <line num="66" type="stmt" count="4"/>
      <line num="67" type="stmt" count="4"/>
      <line num="68" type="stmt" count="4"/>
      <line num="69" type="stmt" count="4"/>
      <line num="70" type="stmt" count="4"/>
      <line num="77" type="stmt" count="4"/>
      <line num="78" type="stmt" count="2"/>
      <line num="79" type="stmt" count="4"/>
      <line num="81" type="stmt" count="4"/>
      <line num="83" type="stmt" count="1"/>
      <metrics loc="86" ncloc="50" classes="1" methods="1" coveredmethods="1" conditionals="0" coveredconditionals="0" statements="18" coveredstatements="18" elements="19" coveredelements="19"/>
    </file>
    <file name="/mnt/data/html/packages/SVGCreator/SKien/SVGCreator/Marker/SVGMarker.php">
      <class name="SKien\SVGCreator\Marker\SVGMarker" namespace="global">
        <metrics complexity="5" methods="5" coveredmethods="5" conditionals="0" coveredconditionals="0" statements="8" coveredstatements="8" elements="13" coveredelements="13"/>
      </class>
      <line num="46" type="method" name="__construct" visibility="public" complexity="1" crap="1" count="4"/>
      <line num="48" type="stmt" count="4"/>
      <line num="50" type="stmt" count="4"/>
      <line num="51" type="stmt" count="4"/>
      <line num="66" type="method" name="setViewbox" visibility="public" complexity="1" crap="1" count="1"/>
      <line num="68" type="stmt" count="1"/>
      <line num="75" type="method" name="setMarkerUnits" visibility="public" complexity="1" crap="1" count="1"/>
      <line num="77" type="stmt" count="1"/>
      <line num="88" type="method" name="setOrientation" visibility="public" complexity="1" crap="1" count="1"/>
      <line num="90" type="stmt" count="1"/>
      <line num="99" type="method" name="setRefPoint" visibility="public" complexity="1" crap="1" count="1"/>
      <line num="101" type="stmt" count="1"/>
      <line num="102" type="stmt" count="1"/>
      <metrics loc="104" ncloc="46" classes="1" methods="5" coveredmethods="5" conditionals="0" coveredconditionals="0" statements="8" coveredstatements="8" elements="13" coveredelements="13"/>
    </file>
    <file name="/mnt/data/html/packages/SVGCreator/SKien/SVGCreator/SVG.php">
      <class name="SKien\SVGCreator\SVG" namespace="global">
        <metrics complexity="19" methods="15" coveredmethods="15" conditionals="0" coveredconditionals="0" statements="45" coveredstatements="45" elements="60" coveredelements="60"/>
      </class>
      <line num="67" type="method" name="__construct" visibility="public" complexity="2" crap="2" count="11"/>
      <line num="69" type="stmt" count="11"/>
      <line num="71" type="stmt" count="11"/>
      <line num="72" type="stmt" count="11"/>
      <line num="76" type="stmt" count="11"/>
      <line num="78" type="stmt" count="11"/>
      <line num="79" type="stmt" count="11"/>
      <line num="89" type="method" name="setPrettyOutput" visibility="public" complexity="1" crap="1" count="1"/>
      <line num="91" type="stmt" count="1"/>
      <line num="98" type="method" name="isPrettyOutput" visibility="public" complexity="1" crap="1" count="1"/>
      <line num="100" type="stmt" count="1"/>
      <line num="111" type="method" name="setSize" visibility="public" complexity="1" crap="1" count="1"/>
      <line num="113" type="stmt" count="1"/>
      <line num="114" type="stmt" count="1"/>
      <line num="128" type="method" name="setViewbox" visibility="public" complexity="1" crap="1" count="1"/>
      <line num="130" type="stmt" count="1"/>
      <line num="140" type="method" name="addDef" visibility="public" complexity="3" crap="3" count="3"/>
      <line num="142" type="stmt" count="3"/>
      <line num="143" type="stmt" count="3"/>
      <line num="145" type="stmt" count="3"/>
      <line num="161" type="method" name="addFilter" visibility="public" complexity="1" crap="1" count="1"/>
      <line num="163" type="stmt" count="1"/>
      <line num="164" type="stmt" count="1"/>
      <line num="180" type="method" name="addGradient" visibility="public" complexity="1" crap="1" count="1"/>
      <line num="182" type="stmt" count="1"/>
      <line num="183" type="stmt" count="1"/>
      <line num="191" type="method" name="addMarker" visibility="public" complexity="1" crap="1" count="1"/>
      <line num="193" type="stmt" count="1"/>
      <line num="194" type="stmt" count="1"/>
      <line num="206" type="method" name="addStyleDef" visibility="public" complexity="1" crap="1" count="1"/>
      <line num="208" type="stmt" count="1"/>
      <line num="209" type="stmt" count="1"/>
      <line num="210" type="stmt" count="1"/>
      <line num="217" type="method" name="buildDOM" visibility="public" complexity="1" crap="1" count="4"/>
      <line num="219" type="stmt" count="4"/>
      <line num="221" type="stmt" count="4"/>
      <line num="222" type="stmt" count="4"/>
      <line num="224" type="stmt" count="4"/>
      <line num="226" type="stmt" count="4"/>
      <line num="234" type="method" name="buildID" visibility="public" complexity="1" crap="1" count="4"/>
      <line num="236" type="stmt" count="4"/>
      <line num="237" type="stmt" count="4"/>
      <line num="238" type="stmt" count="4"/>
      <line num="240" type="stmt" count="4"/>
      <line num="250" type="method" name="output" visibility="public" complexity="2" crap="2" count="2"/>
      <line num="252" type="stmt" count="2"/>
      <line num="254" type="stmt" count="2"/>
      <line num="256" type="stmt" count="2"/>
      <line num="257" type="stmt" count="2"/>
      <line num="258" type="stmt" count="2"/>
      <line num="259" type="stmt" count="1"/>
      <line num="261" type="stmt" count="2"/>
      <line num="268" type="method" name="getSVG" visibility="public" complexity="1" crap="1" count="1"/>
      <line num="270" type="stmt" count="1"/>
      <line num="272" type="stmt" count="1"/>
      <line num="273" type="stmt" count="1"/>
      <line num="275" type="stmt" count="1"/>
      <line num="282" type="method" name="save" visibility="public" complexity="1" crap="1" count="1"/>
      <line num="284" type="stmt" count="1"/>
      <line num="286" type="stmt" count="1"/>
      <metrics loc="288" ncloc="152" classes="1" methods="15" coveredmethods="15" conditionals="0" coveredconditionals="0" statements="45" coveredstatements="45" elements="60" coveredelements="60"/>
    </file>
    <file name="/mnt/data/html/packages/SVGCreator/SKien/SVGCreator/SVGAttributesTrait.php">
      <class name="SKien\SVGCreator\SVGAttributesTrait" namespace="global">
        <metrics complexity="37" methods="27" coveredmethods="27" conditionals="0" coveredconditionals="0" statements="53" coveredstatements="53" elements="80" coveredelements="80"/>
      </class>
      <line num="39" type="method" name="setAttribute" visibility="public" complexity="3" crap="3" count="30"/>
      <line num="41" type="stmt" count="30"/>
      <line num="42" type="stmt" count="30"/>
      <line num="43" type="stmt" count="5"/>
      <line num="44" type="stmt" count="4"/>
      <line num="52" type="method" name="hasAttribute" visibility="public" complexity="1" crap="1" count="9"/>
      <line num="54" type="stmt" count="9"/>
      <line num="63" type="method" name="getAttribute" visibility="public" complexity="1" crap="1" count="24"/>
      <line num="65" type="stmt" count="24"/>
      <line num="72" type="method" name="getID" visibility="public" complexity="1" crap="1" count="4"/>
      <line num="74" type="stmt" count="4"/>
      <line num="81" type="method" name="setID" visibility="public" complexity="1" crap="1" count="4"/>
      <line num="83" type="stmt" count="4"/>
      <line num="91" type="method" name="setPos" visibility="public" complexity="1" crap="1" count="1"/>
      <line num="93" type="stmt" count="1"/>
      <line num="94" type="stmt" count="1"/>
      <line num="102" type="method" name="setSize" visibility="public" complexity="1" crap="1" count="1"/>
      <line num="104" type="stmt" count="1"/>
      <line num="105" type="stmt" count="1"/>
      <line num="112" type="method" name="setFillColor" visibility="public" complexity="1" crap="1" count="1"/>
      <line num="114" type="stmt" count="1"/>
      <line num="121" type="method" name="setStrokeColor" visibility="public" complexity="1" crap="1" count="1"/>
      <line num="123" type="stmt" count="1"/>
      <line num="130" type="method" name="setStrokeWidth" visibility="public" complexity="1" crap="1" count="1"/>
      <line num="132" type="stmt" count="1"/>
      <line num="144" type="method" name="setDashArray" visibility="public" complexity="2" crap="2" count="1"/>
      <line num="146" type="stmt" count="1"/>
      <line num="147" type="stmt" count="1"/>
      <line num="149" type="stmt" count="1"/>
      <line num="160" type="method" name="setClass" visibility="public" complexity="1" crap="1" count="30"/>
      <line num="162" type="stmt" count="30"/>
      <line num="184" type="method" name="setPreserveAspectRatio" visibility="public" complexity="1" crap="1" count="1"/>
      <line num="186" type="stmt" count="1"/>
      <line num="195" type="method" name="setLanguage" visibility="public" complexity="1" crap="1" count="1"/>
      <line num="197" type="stmt" count="1"/>
      <line num="207" type="method" name="translate" visibility="public" complexity="1" crap="1" count="2"/>
      <line num="209" type="stmt" count="2"/>
      <line num="210" type="stmt" count="2"/>
      <line num="231" type="method" name="scale" visibility="public" complexity="1" crap="1" count="1"/>
      <line num="233" type="stmt" count="1"/>
      <line num="234" type="stmt" count="1"/>
      <line num="235" type="stmt" count="1"/>
      <line num="248" type="method" name="flipHorz" visibility="public" complexity="1" crap="1" count="1"/>
      <line num="250" type="stmt" count="1"/>
      <line num="251" type="stmt" count="1"/>
      <line num="264" type="method" name="flipVert" visibility="public" complexity="1" crap="1" count="1"/>
      <line num="266" type="stmt" count="1"/>
      <line num="267" type="stmt" count="1"/>
      <line num="280" type="method" name="rotate" visibility="public" complexity="1" crap="1" count="1"/>
      <line num="282" type="stmt" count="1"/>
      <line num="283" type="stmt" count="1"/>
      <line num="290" type="method" name="skewX" visibility="public" complexity="1" crap="1" count="1"/>
      <line num="292" type="stmt" count="1"/>
      <line num="299" type="method" name="skewY" visibility="public" complexity="1" crap="1" count="1"/>
      <line num="301" type="stmt" count="1"/>
      <line num="317" type="method" name="matrix" visibility="public" complexity="2" crap="2" count="1"/>
      <line num="319" type="stmt" count="1"/>
      <line num="320" type="stmt" count="1"/>
      <line num="321" type="stmt" count="1"/>
      <line num="336" type="method" name="setTransformOrigin" visibility="public" complexity="3" crap="3" count="5"/>
      <line num="338" type="stmt" count="5"/>
      <line num="339" type="stmt" count="2"/>
      <line num="340" type="stmt" count="2"/>
      <line num="341" type="stmt" count="2"/>
      <line num="351" type="method" name="setFilter" visibility="public" complexity="2" crap="2" count="1"/>
      <line num="353" type="stmt" count="1"/>
      <line num="354" type="stmt" count="1"/>
      <line num="356" type="stmt" count="1"/>
      <line num="363" type="method" name="setGradient" visibility="public" complexity="2" crap="2" count="1"/>
      <line num="365" type="stmt" count="1"/>
      <line num="366" type="stmt" count="1"/>
      <line num="368" type="stmt" count="1"/>
      <line num="378" type="method" name="setClipPath" visibility="public" complexity="2" crap="2" count="1"/>
      <line num="380" type="stmt" count="1"/>
      <line num="381" type="stmt" count="1"/>
      <line num="383" type="stmt" count="1"/>
      <line num="392" type="method" name="addTransformation" visibility="public" complexity="2" crap="2" count="8"/>
      <line num="394" type="stmt" count="8"/>
      <line num="395" type="stmt" count="8"/>
      <line num="397" type="stmt" count="1"/>
      <metrics loc="400" ncloc="185" classes="1" methods="27" coveredmethods="27" conditionals="0" coveredconditionals="0" statements="53" coveredstatements="53" elements="80" coveredelements="80"/>
    </file>
    <file name="/mnt/data/html/packages/SVGCreator/SKien/SVGCreator/SVGCData.php">
      <class name="SKien\SVGCreator\SVGCData" namespace="global">
        <metrics complexity="6" methods="4" coveredmethods="4" conditionals="0" coveredconditionals="0" statements="11" coveredstatements="11" elements="15" coveredelements="15"/>
      </class>
      <line num="25" type="method" name="__construct" visibility="public" complexity="1" crap="1" count="3"/>
      <line num="27" type="stmt" count="3"/>
      <line num="28" type="stmt" count="3"/>
      <line num="35" type="method" name="setData" visibility="public" complexity="1" crap="1" count="2"/>
      <line num="37" type="stmt" count="2"/>
      <line num="44" type="method" name="getData" visibility="public" complexity="1" crap="1" count="2"/>
      <line num="46" type="stmt" count="2"/>
      <line num="53" type="method" name="createDOMNode" visibility="protected" complexity="3" crap="3" count="1"/>
      <line num="55" type="stmt" count="1"/>
      <line num="56" type="stmt" count="1"/>
      <line num="58" type="stmt" count="1"/>
      <line num="59" type="stmt" count="1"/>
      <line num="60" type="stmt" count="1"/>
      <line num="61" type="stmt" count="1"/>
      <line num="63" type="stmt" count="1"/>
      <metrics loc="65" ncloc="39" classes="1" methods="4" coveredmethods="4" conditionals="0" coveredconditionals="0" statements="11" coveredstatements="11" elements="15" coveredelements="15"/>
    </file>
    <file name="/mnt/data/html/packages/SVGCreator/SKien/SVGCreator/SVGComment.php">
      <class name="SKien\SVGCreator\SVGComment" namespace="global">
        <metrics complexity="5" methods="3" coveredmethods="3" conditionals="0" coveredconditionals="0" statements="6" coveredstatements="6" elements="9" coveredelements="9"/>
      </class>
      <line num="24" type="method" name="__construct" visibility="public" complexity="1" crap="1" count="2"/>
      <line num="26" type="stmt" count="2"/>
      <line num="27" type="stmt" count="2"/>
      <line num="34" type="method" name="createDOMNode" visibility="protected" complexity="1" crap="1" count="1"/>
      <line num="36" type="stmt" count="1"/>
      <line num="44" type="method" name="appendToDOM" visibility="public" complexity="3" crap="3" count="1"/>
      <line num="46" type="stmt" count="1"/>
      <line num="47" type="stmt" count="1"/>
      <line num="49" type="stmt" count="1"/>
      <metrics loc="51" ncloc="29" classes="1" methods="3" coveredmethods="3" conditionals="0" coveredconditionals="0" statements="6" coveredstatements="6" elements="9" coveredelements="9"/>
    </file>
    <file name="/mnt/data/html/packages/SVGCreator/SKien/SVGCreator/SVGElement.php">
      <class name="SKien\SVGCreator\SVGElement" namespace="global">
        <metrics complexity="27" methods="15" coveredmethods="15" conditionals="0" coveredconditionals="0" statements="44" coveredstatements="44" elements="59" coveredelements="59"/>
      </class>
      <line num="51" type="method" name="__construct" visibility="public" complexity="2" crap="2" count="30"/>
      <line num="53" type="stmt" count="30"/>
      <line num="54" type="stmt" count="30"/>
      <line num="56" type="stmt" count="30"/>
      <line num="57" type="stmt" count="30"/>
      <line num="58" type="stmt" count="30"/>
      <line num="59" type="stmt" count="30"/>
      <line num="67" type="method" name="getName" visibility="public" complexity="1" crap="1" count="2"/>
      <line num="69" type="stmt" count="2"/>
      <line num="76" type="method" name="getValue" visibility="public" complexity="1" crap="1" count="3"/>
      <line num="78" type="stmt" count="3"/>
      <line num="85" type="method" name="setValue" visibility="public" complexity="1" crap="1" count="3"/>
      <line num="87" type="stmt" count="3"/>
      <line num="95" type="method" name="setRoot" visibility="public" complexity="2" crap="2" count="1"/>
      <line num="97" type="stmt" count="1"/>
      <line num="98" type="stmt" count="1"/>
      <line num="99" type="stmt" count="1"/>
      <line num="109" type="method" name="setStyleOrClass" visibility="public" complexity="2" crap="2" count="30"/>
      <line num="111" type="stmt" count="30"/>
      <line num="112" type="stmt" count="1"/>
      <line num="114" type="stmt" count="30"/>
      <line num="129" type="method" name="setStyle" visibility="public" complexity="1" crap="1" count="2"/>
      <line num="131" type="stmt" count="2"/>
      <line num="140" type="method" name="addStyle" visibility="public" complexity="1" crap="1" count="1"/>
      <line num="142" type="stmt" count="1"/>
      <line num="152" type="method" name="getStyle" visibility="public" complexity="2" crap="2" count="3"/>
      <line num="154" type="stmt" count="3"/>
      <line num="155" type="stmt" count="3"/>
      <line num="157" type="stmt" count="3"/>
      <line num="167" type="method" name="add" visibility="public" complexity="2" crap="2" count="4"/>
      <line num="169" type="stmt" count="4"/>
      <line num="170" type="stmt" count="4"/>
      <line num="171" type="stmt" count="1"/>
      <line num="173" type="stmt" count="4"/>
      <line num="182" type="method" name="addComment" visibility="public" complexity="1" crap="1" count="1"/>
      <line num="184" type="stmt" count="1"/>
      <line num="193" type="method" name="setTitle" visibility="public" complexity="2" crap="2" count="1"/>
      <line num="196" type="stmt" count="1"/>
      <line num="197" type="stmt" count="1"/>
      <line num="199" type="stmt" count="1"/>
      <line num="208" type="method" name="appendToDOM" visibility="public" complexity="4" crap="4" count="2"/>
      <line num="210" type="stmt" count="2"/>
      <line num="211" type="stmt" count="2"/>
      <line num="212" type="stmt" count="2"/>
      <line num="213" type="stmt" count="2"/>
      <line num="214" type="stmt" count="2"/>
      <line num="216" type="stmt" count="1"/>
      <line num="219" type="stmt" count="2"/>
      <line num="227" type="method" name="createDOMNode" visibility="protected" complexity="2" crap="2" count="2"/>
      <line num="229" type="stmt" count="2"/>
      <line num="230" type="stmt" count="2"/>
      <line num="231" type="stmt" count="2"/>
      <line num="232" type="stmt" count="2"/>
      <line num="234" type="stmt" count="2"/>
      <line num="242" type="method" name="getChildByName" visibility="public" complexity="3" crap="3" count="1"/>
      <line num="244" type="stmt" count="1"/>
      <line num="245" type="stmt" count="1"/>
      <line num="246" type="stmt" count="1"/>
      <line num="249" type="stmt" count="1"/>
      <metrics loc="251" ncloc="137" classes="1" methods="15" coveredmethods="15" conditionals="0" coveredconditionals="0" statements="44" coveredstatements="44" elements="59" coveredelements="59"/>
    </file>
    <file name="/mnt/data/html/packages/SVGCreator/SKien/SVGCreator/SVGGroup.php">
      <class name="SKien\SVGCreator\SVGGroup" namespace="global">
        <metrics complexity="1" methods="1" coveredmethods="1" conditionals="0" coveredconditionals="0" statements="1" coveredstatements="1" elements="2" coveredelements="2"/>
      </class>
      <line num="25" type="method" name="__construct" visibility="public" complexity="1" crap="1" count="1"/>
      <line num="27" type="stmt" count="1"/>
      <metrics loc="29" ncloc="13" classes="1" methods="1" coveredmethods="1" conditionals="0" coveredconditionals="0" statements="1" coveredstatements="1" elements="2" coveredelements="2"/>
    </file>
    <file name="/mnt/data/html/packages/SVGCreator/SKien/SVGCreator/SVGImage.php">
      <class name="SKien\SVGCreator\SVGImage" namespace="global">
        <metrics complexity="1" methods="1" coveredmethods="1" conditionals="0" coveredconditionals="0" statements="6" coveredstatements="6" elements="7" coveredelements="7"/>
      </class>
      <line num="35" type="method" name="__construct" visibility="public" complexity="1" crap="1" count="1"/>
      <line num="37" type="stmt" count="1"/>
      <line num="39" type="stmt" count="1"/>
      <line num="40" type="stmt" count="1"/>
      <line num="41" type="stmt" count="1"/>
      <line num="42" type="stmt" count="1"/>
      <line num="43" type="stmt" count="1"/>
      <metrics loc="45" ncloc="19" classes="1" methods="1" coveredmethods="1" conditionals="0" coveredconditionals="0" statements="6" coveredstatements="6" elements="7" coveredelements="7"/>
    </file>
    <file name="/mnt/data/html/packages/SVGCreator/SKien/SVGCreator/Shapes/SVGCircle.php">
      <class name="SKien\SVGCreator\Shapes\SVGCircle" namespace="global">
        <metrics complexity="1" methods="1" coveredmethods="1" conditionals="0" coveredconditionals="0" statements="4" coveredstatements="4" elements="5" coveredelements="5"/>
      </class>
      <line num="28" type="method" name="__construct" visibility="public" complexity="1" crap="1" count="1"/>
      <line num="30" type="stmt" count="1"/>
      <line num="32" type="stmt" count="1"/>
      <line num="33" type="stmt" count="1"/>
      <line num="34" type="stmt" count="1"/>
      <metrics loc="36" ncloc="17" classes="1" methods="1" coveredmethods="1" conditionals="0" coveredconditionals="0" statements="4" coveredstatements="4" elements="5" coveredelements="5"/>
    </file>
    <file name="/mnt/data/html/packages/SVGCreator/SKien/SVGCreator/Shapes/SVGEllipse.php">
      <class name="SKien\SVGCreator\Shapes\SVGEllipse" namespace="global">
        <metrics complexity="1" methods="1" coveredmethods="1" conditionals="0" coveredconditionals="0" statements="5" coveredstatements="5" elements="6" coveredelements="6"/>
      </class>
      <line num="29" type="method" name="__construct" visibility="public" complexity="1" crap="1" count="1"/>
      <line num="31" type="stmt" count="1"/>
      <line num="33" type="stmt" count="1"/>
      <line num="34" type="stmt" count="1"/>
      <line num="35" type="stmt" count="1"/>
      <line num="36" type="stmt" count="1"/>
      <metrics loc="38" ncloc="18" classes="1" methods="1" coveredmethods="1" conditionals="0" coveredconditionals="0" statements="5" coveredstatements="5" elements="6" coveredelements="6"/>
    </file>
    <file name="/mnt/data/html/packages/SVGCreator/SKien/SVGCreator/Shapes/SVGLine.php">
      <class name="SKien\SVGCreator\Shapes\SVGLine" namespace="global">
        <metrics complexity="1" methods="1" coveredmethods="1" conditionals="0" coveredconditionals="0" statements="5" coveredstatements="5" elements="6" coveredelements="6"/>
      </class>
      <line num="28" type="method" name="__construct" visibility="public" complexity="1" crap="1" count="1"/>
      <line num="30" type="stmt" count="1"/>
      <line num="32" type="stmt" count="1"/>
      <line num="33" type="stmt" count="1"/>
      <line num="34" type="stmt" count="1"/>
      <line num="35" type="stmt" count="1"/>
      <metrics loc="37" ncloc="18" classes="1" methods="1" coveredmethods="1" conditionals="0" coveredconditionals="0" statements="5" coveredstatements="5" elements="6" coveredelements="6"/>
    </file>
    <file name="/mnt/data/html/packages/SVGCreator/SKien/SVGCreator/Shapes/SVGPath.php">
      <class name="SKien\SVGCreator\Shapes\SVGPath" namespace="global">
        <metrics complexity="29" methods="21" coveredmethods="21" conditionals="0" coveredconditionals="0" statements="54" coveredstatements="54" elements="75" coveredelements="75"/>
      </class>
      <line num="27" type="method" name="__construct" visibility="public" complexity="1" crap="1" count="25"/>
      <line num="29" type="stmt" count="25"/>
      <line num="31" type="stmt" count="25"/>
      <line num="39" type="method" name="fromString" visibility="public" complexity="1" crap="1" count="1"/>
      <line num="41" type="stmt" count="1"/>
      <line num="42" type="stmt" count="1"/>
      <line num="44" type="stmt" count="1"/>
      <line num="52" type="method" name="moveTo" visibility="public" complexity="1" crap="1" count="8"/>
      <line num="54" type="stmt" count="8"/>
      <line num="55" type="stmt" count="8"/>
      <line num="63" type="method" name="move" visibility="public" complexity="1" crap="1" count="1"/>
      <line num="65" type="stmt" count="1"/>
      <line num="66" type="stmt" count="1"/>
      <line num="74" type="method" name="lineTo" visibility="public" complexity="1" crap="1" count="1"/>
      <line num="76" type="stmt" count="1"/>
      <line num="77" type="stmt" count="1"/>
      <line num="85" type="method" name="line" visibility="public" complexity="1" crap="1" count="1"/>
      <line num="87" type="stmt" count="1"/>
      <line num="88" type="stmt" count="1"/>
      <line num="95" type="method" name="horzLineTo" visibility="public" complexity="1" crap="1" count="1"/>
      <line num="97" type="stmt" count="1"/>
      <line num="98" type="stmt" count="1"/>
      <line num="105" type="method" name="horzLine" visibility="public" complexity="1" crap="1" count="1"/>
      <line num="107" type="stmt" count="1"/>
      <line num="108" type="stmt" count="1"/>
      <line num="115" type="method" name="vertLineTo" visibility="public" complexity="1" crap="1" count="1"/>
      <line num="117" type="stmt" count="1"/>
      <line num="118" type="stmt" count="1"/>
      <line num="125" type="method" name="vertLine" visibility="public" complexity="1" crap="1" count="1"/>
      <line num="127" type="stmt" count="1"/>
      <line num="128" type="stmt" count="1"/>
      <line num="135" type="method" name="close" visibility="public" complexity="1" crap="1" count="1"/>
      <line num="137" type="stmt" count="1"/>
      <line num="151" type="method" name="arcAt" visibility="public" complexity="1" crap="1" count="1"/>
      <line num="153" type="stmt" count="1"/>
      <line num="154" type="stmt" count="1"/>
      <line num="155" type="stmt" count="1"/>
      <line num="156" type="stmt" count="1"/>
      <line num="170" type="method" name="arc" visibility="public" complexity="1" crap="1" count="1"/>
      <line num="172" type="stmt" count="1"/>
      <line num="173" type="stmt" count="1"/>
      <line num="174" type="stmt" count="1"/>
      <line num="175" type="stmt" count="1"/>
      <line num="188" type="method" name="curveTo" visibility="public" complexity="1" crap="1" count="2"/>
      <line num="190" type="stmt" count="2"/>
      <line num="191" type="stmt" count="2"/>
      <line num="204" type="method" name="curve" visibility="public" complexity="1" crap="1" count="2"/>
      <line num="206" type="stmt" count="2"/>
      <line num="207" type="stmt" count="2"/>
      <line num="222" type="method" name="smoothCurveTo" visibility="public" complexity="3" crap="3" count="2"/>
      <line num="224" type="stmt" count="2"/>
      <line num="225" type="stmt" count="1"/>
      <line num="227" type="stmt" count="1"/>
      <line num="228" type="stmt" count="1"/>
      <line num="243" type="method" name="smoothCurve" visibility="public" complexity="3" crap="3" count="2"/>
      <line num="245" type="stmt" count="2"/>
      <line num="246" type="stmt" count="1"/>
      <line num="248" type="stmt" count="1"/>
      <line num="249" type="stmt" count="1"/>
      <line num="263" type="method" name="quadraticCurveTo" visibility="public" complexity="1" crap="1" count="2"/>
      <line num="265" type="stmt" count="2"/>
      <line num="266" type="stmt" count="2"/>
      <line num="280" type="method" name="quadraticCurve" visibility="public" complexity="1" crap="1" count="2"/>
      <line num="282" type="stmt" count="2"/>
      <line num="283" type="stmt" count="2"/>
      <line num="297" type="method" name="smoothQuadraticCurveTo" visibility="public" complexity="3" crap="3" count="2"/>
      <line num="299" type="stmt" count="2"/>
      <line num="300" type="stmt" count="1"/>
      <line num="302" type="stmt" count="1"/>
      <line num="303" type="stmt" count="1"/>
      <line num="317" type="method" name="smoothQuadraticCurve" visibility="public" complexity="3" crap="3" count="2"/>
      <line num="319" type="stmt" count="2"/>
      <line num="320" type="stmt" count="1"/>
      <line num="322" type="stmt" count="1"/>
      <line num="323" type="stmt" count="1"/>
      <metrics loc="325" ncloc="154" classes="1" methods="21" coveredmethods="21" conditionals="0" coveredconditionals="0" statements="54" coveredstatements="54" elements="75" coveredelements="75"/>
    </file>
    <file name="/mnt/data/html/packages/SVGCreator/SKien/SVGCreator/Shapes/SVGPolyTrait.php">
      <class name="SKien\SVGCreator\Shapes\SVGPolyTrait" namespace="global">
        <metrics complexity="3" methods="1" coveredmethods="1" conditionals="0" coveredconditionals="0" statements="6" coveredstatements="6" elements="7" coveredelements="7"/>
      </class>
      <line num="36" type="method" name="buildPoints" visibility="public" complexity="3" crap="3" count="3"/>
      <line num="38" type="stmt" count="3"/>
      <line num="39" type="stmt" count="3"/>
      <line num="40" type="stmt" count="3"/>
      <line num="41" type="stmt" count="1"/>
      <line num="44" type="stmt" count="3"/>
      <line num="47" type="stmt" count="3"/>
      <metrics loc="49" ncloc="21" classes="1" methods="1" coveredmethods="1" conditionals="0" coveredconditionals="0" statements="6" coveredstatements="6" elements="7" coveredelements="7"/>
    </file>
    <file name="/mnt/data/html/packages/SVGCreator/SKien/SVGCreator/Shapes/SVGPolygon.php">
      <class name="SKien\SVGCreator\Shapes\SVGPolygon" namespace="global">
        <metrics complexity="1" methods="1" coveredmethods="1" conditionals="0" coveredconditionals="0" statements="2" coveredstatements="2" elements="3" coveredelements="3"/>
      </class>
      <line num="32" type="method" name="__construct" visibility="public" complexity="1" crap="1" count="1"/>
      <line num="34" type="stmt" count="1"/>
      <line num="36" type="stmt" count="1"/>
      <metrics loc="38" ncloc="17" classes="1" methods="1" coveredmethods="1" conditionals="0" coveredconditionals="0" statements="2" coveredstatements="2" elements="3" coveredelements="3"/>
    </file>
    <file name="/mnt/data/html/packages/SVGCreator/SKien/SVGCreator/Shapes/SVGPolyline.php">
      <class name="SKien\SVGCreator\Shapes\SVGPolyline" namespace="global">
        <metrics complexity="1" methods="1" coveredmethods="1" conditionals="0" coveredconditionals="0" statements="2" coveredstatements="2" elements="3" coveredelements="3"/>
      </class>
      <line num="28" type="method" name="__construct" visibility="public" complexity="1" crap="1" count="1"/>
      <line num="30" type="stmt" count="1"/>
      <line num="32" type="stmt" count="1"/>
      <metrics loc="34" ncloc="17" classes="1" methods="1" coveredmethods="1" conditionals="0" coveredconditionals="0" statements="2" coveredstatements="2" elements="3" coveredelements="3"/>
    </file>
    <file name="/mnt/data/html/packages/SVGCreator/SKien/SVGCreator/Shapes/SVGRect.php">
      <class name="SKien\SVGCreator\Shapes\SVGRect" namespace="global">
        <metrics complexity="2" methods="2" coveredmethods="2" conditionals="0" coveredconditionals="0" statements="7" coveredstatements="7" elements="9" coveredelements="9"/>
      </class>
      <line num="28" type="method" name="__construct" visibility="public" complexity="1" crap="1" count="2"/>
      <line num="30" type="stmt" count="2"/>
      <line num="32" type="stmt" count="2"/>
      <line num="33" type="stmt" count="2"/>
      <line num="34" type="stmt" count="2"/>
      <line num="35" type="stmt" count="2"/>
      <line num="42" type="method" name="setCornerRadius" visibility="public" complexity="1" crap="1" count="1"/>
      <line num="44" type="stmt" count="1"/>
      <line num="45" type="stmt" count="1"/>
      <metrics loc="47" ncloc="24" classes="1" methods="2" coveredmethods="2" conditionals="0" coveredconditionals="0" statements="7" coveredstatements="7" elements="9" coveredelements="9"/>
    </file>
    <file name="/mnt/data/html/packages/SVGCreator/SKien/SVGCreator/Shapes/SVGShape.php">
      <class name="SKien\SVGCreator\Shapes\SVGShape" namespace="global">
        <metrics complexity="12" methods="5" coveredmethods="5" conditionals="0" coveredconditionals="0" statements="18" coveredstatements="18" elements="23" coveredelements="23"/>
      </class>
      <line num="31" type="method" name="setPathLength" visibility="public" complexity="1" crap="1" count="1"/>
      <line num="33" type="stmt" count="1"/>
      <line num="45" type="method" name="setMarker" visibility="public" complexity="5" crap="5" count="4"/>
      <line num="47" type="stmt" count="4"/>
      <line num="48" type="stmt" count="1"/>
      <line num="50" type="stmt" count="4"/>
      <line num="51" type="stmt" count="1"/>
      <line num="53" type="stmt" count="4"/>
      <line num="54" type="stmt" count="1"/>
      <line num="56" type="stmt" count="4"/>
      <line num="57" type="stmt" count="2"/>
      <line num="65" type="method" name="setMarkerStart" visibility="public" complexity="2" crap="2" count="2"/>
      <line num="67" type="stmt" count="2"/>
      <line num="68" type="stmt" count="1"/>
      <line num="70" type="stmt" count="2"/>
      <line num="77" type="method" name="setMarkerMid" visibility="public" complexity="2" crap="2" count="2"/>
      <line num="79" type="stmt" count="2"/>
      <line num="80" type="stmt" count="1"/>
      <line num="82" type="stmt" count="2"/>
      <line num="89" type="method" name="setMarkerEnd" visibility="public" complexity="2" crap="2" count="2"/>
      <line num="91" type="stmt" count="2"/>
      <line num="92" type="stmt" count="1"/>
      <line num="94" type="stmt" count="2"/>
      <metrics loc="96" ncloc="56" classes="1" methods="5" coveredmethods="5" conditionals="0" coveredconditionals="0" statements="18" coveredstatements="18" elements="23" coveredelements="23"/>
    </file>
    <file name="/mnt/data/html/packages/SVGCreator/SKien/SVGCreator/Text/SVGText.php">
      <class name="SKien\SVGCreator\Text\SVGText" namespace="global">
        <metrics complexity="12" methods="10" coveredmethods="10" conditionals="0" coveredconditionals="0" statements="17" coveredstatements="17" elements="27" coveredelements="27"/>
      </class>
      <line num="54" type="method" name="__construct" visibility="public" complexity="1" crap="1" count="10"/>
      <line num="56" type="stmt" count="10"/>
      <line num="58" type="stmt" count="10"/>
      <line num="59" type="stmt" count="10"/>
      <line num="66" type="method" name="setFontSize" visibility="public" complexity="1" crap="1" count="1"/>
      <line num="68" type="stmt" count="1"/>
      <line num="75" type="method" name="setFontWeight" visibility="public" complexity="1" crap="1" count="1"/>
      <line num="77" type="stmt" count="1"/>
      <line num="88" type="method" name="setTextAlign" visibility="public" complexity="2" crap="2" count="1"/>
      <line num="90" type="stmt" count="1"/>
      <line num="92" type="stmt" count="1"/>
      <line num="94" type="stmt" count="1"/>
      <line num="105" type="method" name="setVAlign" visibility="public" complexity="2" crap="2" count="1"/>
      <line num="107" type="stmt" count="1"/>
      <line num="109" type="stmt" count="1"/>
      <line num="111" type="stmt" count="1"/>
      <line num="118" type="method" name="setRotation" visibility="public" complexity="1" crap="1" count="1"/>
      <line num="120" type="stmt" count="1"/>
      <line num="132" type="method" name="setTextLength" visibility="public" complexity="1" crap="1" count="1"/>
      <line num="134" type="stmt" count="1"/>
      <line num="148" type="method" name="setLengthAdjust" visibility="public" complexity="1" crap="1" count="1"/>
      <line num="150" type="stmt" count="1"/>
      <line num="158" type="method" name="setTextRendering" visibility="public" complexity="1" crap="1" count="1"/>
      <line num="160" type="stmt" count="1"/>
      <line num="168" type="method" name="shift" visibility="public" complexity="1" crap="1" count="1"/>
      <line num="170" type="stmt" count="1"/>
      <line num="171" type="stmt" count="1"/>
      <metrics loc="173" ncloc="83" classes="1" methods="10" coveredmethods="10" conditionals="0" coveredconditionals="0" statements="17" coveredstatements="17" elements="27" coveredelements="27"/>
    </file>
    <file name="/mnt/data/html/packages/SVGCreator/SKien/SVGCreator/Text/SVGTextPath.php">
      <class name="SKien\SVGCreator\Text\SVGTextPath" namespace="global">
        <metrics complexity="8" methods="7" coveredmethods="7" conditionals="0" coveredconditionals="0" statements="11" coveredstatements="11" elements="18" coveredelements="18"/>
      </class>
      <line num="46" type="method" name="__construct" visibility="public" complexity="2" crap="2" count="7"/>
      <line num="48" type="stmt" count="7"/>
      <line num="51" type="stmt" count="7"/>
      <line num="52" type="stmt" count="7"/>
      <line num="53" type="stmt" count="7"/>
      <line num="54" type="stmt" count="7"/>
      <line num="61" type="method" name="setOffset" visibility="public" complexity="1" crap="1" count="1"/>
      <line num="63" type="stmt" count="1"/>
      <line num="73" type="method" name="setSide" visibility="public" complexity="1" crap="1" count="1"/>
      <line num="75" type="stmt" count="1"/>
      <line num="84" type="method" name="setTextLength" visibility="public" complexity="1" crap="1" count="1"/>
      <line num="86" type="stmt" count="1"/>
      <line num="98" type="method" name="setLengthAdjust" visibility="public" complexity="1" crap="1" count="1"/>
      <line num="100" type="stmt" count="1"/>
      <line num="110" type="method" name="setMethod" visibility="public" complexity="1" crap="1" count="1"/>
      <line num="112" type="stmt" count="1"/>
      <line num="122" type="method" name="setGlyphSpacing" visibility="public" complexity="1" crap="1" count="1"/>
      <line num="124" type="stmt" count="1"/>
      <metrics loc="126" ncloc="53" classes="1" methods="7" coveredmethods="7" conditionals="0" coveredconditionals="0" statements="11" coveredstatements="11" elements="18" coveredelements="18"/>
    </file>
    <metrics files="49" loc="3957" ncloc="2101" classes="49" methods="175" coveredmethods="175" conditionals="0" coveredconditionals="0" statements="594" coveredstatements="594" elements="769" coveredelements="769"/>
  </project>
</coverage>
